2020-03-29 13:45:42,101 [Worker-7: Loading available Gradle versions] INFO  o.e.b.c.i.u.g.PublishedGradleVersions - Gradle version information cache is up-to-date. Trying to read.
2020-03-29 15:46:46,872 [Worker-0: Loading available Gradle versions] INFO  o.e.b.c.i.u.g.PublishedGradleVersions - Gradle version information cache is up-to-date. Trying to read.
2020-03-29 15:47:35,563 [Worker-13: Enabling Maven Dependency Management] INFO  o.e.m.c.i.l.LifecycleMappingFactory - Using org.eclipse.m2e.jdt.JarLifecycleMapping lifecycle mapping for MavenProject: BIBLIO_MOVIL:BIBLIO_MOVIL:0.0.1-SNAPSHOT @ C:\Users\villa\Desktop\MKM_DEVELOPMENT_PROYECTO_1\BIBLIO_MOVIL\pom.xml.
2020-03-29 15:47:36,381 [Worker-3: Building workspace] WARN  o.e.m.c.i.embedder.EclipseLogger - Using platform encoding (Cp1252 actually) to copy filtered resources, i.e. build is platform dependent!
2020-03-29 15:47:36,399 [Worker-3: Building workspace] INFO  o.e.m.c.i.embedder.EclipseLogger - skip non existing resourceDirectory C:\Users\villa\Desktop\MKM_DEVELOPMENT_PROYECTO_1\BIBLIO_MOVIL\src\main\resources
2020-03-29 15:47:36,404 [Worker-3: Building workspace] WARN  o.e.m.c.i.embedder.EclipseLogger - Using platform encoding (Cp1252 actually) to copy filtered resources, i.e. build is platform dependent!
2020-03-29 15:47:36,421 [Worker-3: Building workspace] INFO  o.e.m.c.i.embedder.EclipseLogger - skip non existing resourceDirectory C:\Users\villa\Desktop\MKM_DEVELOPMENT_PROYECTO_1\BIBLIO_MOVIL\src\test\resources
2020-03-29 15:47:36,431 [Worker-13: Enabling Maven Dependency Management] INFO  o.e.m.j.i.AbstractJavaProjectConfigurator - Adding source folder /BIBLIO_MOVIL/src
2020-03-29 15:47:36,433 [Worker-13: Enabling Maven Dependency Management] INFO  o.e.m.j.i.AbstractJavaProjectConfigurator - Not adding source folder /BIBLIO_MOVIL/src/test/java because it overlaps with /BIBLIO_MOVIL/src
2020-03-29 15:47:36,763 [Worker-13: Enabling Maven Dependency Management] INFO  o.e.m.c.i.p.ProjectConfigurationManager - Update started
2020-03-29 15:47:37,615 [Worker-13: Enabling Maven Dependency Management] INFO  o.e.m.c.i.l.LifecycleMappingFactory - Using org.eclipse.m2e.jdt.JarLifecycleMapping lifecycle mapping for MavenProject: BIBLIO_MOVIL:BIBLIO_MOVIL:0.0.1-SNAPSHOT @ C:\Users\villa\Desktop\MKM_DEVELOPMENT_PROYECTO_1\BIBLIO_MOVIL\pom.xml.
2020-03-29 15:47:38,209 [Worker-16: Building workspace] WARN  o.e.m.c.i.embedder.EclipseLogger - Using platform encoding (Cp1252 actually) to copy filtered resources, i.e. build is platform dependent!
2020-03-29 15:47:38,222 [Worker-16: Building workspace] INFO  o.e.m.c.i.embedder.EclipseLogger - skip non existing resourceDirectory C:\Users\villa\Desktop\MKM_DEVELOPMENT_PROYECTO_1\BIBLIO_MOVIL\src\main\resources
2020-03-29 15:47:38,225 [Worker-16: Building workspace] WARN  o.e.m.c.i.embedder.EclipseLogger - Using platform encoding (Cp1252 actually) to copy filtered resources, i.e. build is platform dependent!
2020-03-29 15:47:38,234 [Worker-16: Building workspace] INFO  o.e.m.c.i.embedder.EclipseLogger - skip non existing resourceDirectory C:\Users\villa\Desktop\MKM_DEVELOPMENT_PROYECTO_1\BIBLIO_MOVIL\src\test\resources
2020-03-29 15:47:38,243 [Worker-13: Enabling Maven Dependency Management] INFO  o.e.m.j.i.AbstractJavaProjectConfigurator - Adding source folder /BIBLIO_MOVIL/src
2020-03-29 15:47:38,244 [Worker-13: Enabling Maven Dependency Management] INFO  o.e.m.j.i.AbstractJavaProjectConfigurator - Not adding source folder /BIBLIO_MOVIL/src/test/java because it overlaps with /BIBLIO_MOVIL/src
2020-03-29 15:47:38,338 [Worker-13: Enabling Maven Dependency Management] INFO  o.e.m.c.i.p.ProjectConfigurationManager - Update completed: 1 sec
2020-03-29 15:47:39,457 [Worker-0: Building workspace] WARN  o.e.m.c.i.embedder.EclipseLogger - Using platform encoding (Cp1252 actually) to copy filtered resources, i.e. build is platform dependent!
2020-03-29 15:47:39,470 [Worker-0: Building workspace] INFO  o.e.m.c.i.embedder.EclipseLogger - skip non existing resourceDirectory C:\Users\villa\Desktop\MKM_DEVELOPMENT_PROYECTO_1\BIBLIO_MOVIL\src\main\resources
2020-03-29 15:47:39,472 [Worker-0: Building workspace] WARN  o.e.m.c.i.embedder.EclipseLogger - Using platform encoding (Cp1252 actually) to copy filtered resources, i.e. build is platform dependent!
2020-03-29 15:47:39,481 [Worker-0: Building workspace] INFO  o.e.m.c.i.embedder.EclipseLogger - skip non existing resourceDirectory C:\Users\villa\Desktop\MKM_DEVELOPMENT_PROYECTO_1\BIBLIO_MOVIL\src\test\resources
2020-03-29 15:47:51,932 [Worker-14: Updating Maven Project] INFO  o.e.m.c.i.p.ProjectConfigurationManager - Update started
2020-03-29 15:47:52,669 [Worker-14: Updating Maven Project] INFO  o.e.m.c.i.l.LifecycleMappingFactory - Using org.eclipse.m2e.jdt.JarLifecycleMapping lifecycle mapping for MavenProject: BIBLIO_MOVIL:BIBLIO_MOVIL:0.0.1-SNAPSHOT @ C:\Users\villa\Desktop\MKM_DEVELOPMENT_PROYECTO_1\BIBLIO_MOVIL\pom.xml.
2020-03-29 15:47:53,006 [Worker-14: Updating Maven Project] INFO  o.e.m.j.i.AbstractJavaProjectConfigurator - Adding source folder /BIBLIO_MOVIL/src
2020-03-29 15:47:53,007 [Worker-14: Updating Maven Project] INFO  o.e.m.j.i.AbstractJavaProjectConfigurator - Not adding source folder /BIBLIO_MOVIL/src/test/java because it overlaps with /BIBLIO_MOVIL/src
2020-03-29 15:47:53,113 [Worker-14: Updating Maven Project] INFO  o.e.m.c.i.p.ProjectConfigurationManager - Update completed: 1 sec
2020-03-29 15:47:53,357 [Worker-8: Building workspace] WARN  o.e.m.c.i.embedder.EclipseLogger - Using platform encoding (Cp1252 actually) to copy filtered resources, i.e. build is platform dependent!
2020-03-29 15:47:53,365 [Worker-8: Building workspace] INFO  o.e.m.c.i.embedder.EclipseLogger - skip non existing resourceDirectory C:\Users\villa\Desktop\MKM_DEVELOPMENT_PROYECTO_1\BIBLIO_MOVIL\src\main\resources
2020-03-29 15:47:53,370 [Worker-8: Building workspace] WARN  o.e.m.c.i.embedder.EclipseLogger - Using platform encoding (Cp1252 actually) to copy filtered resources, i.e. build is platform dependent!
2020-03-29 15:47:53,380 [Worker-8: Building workspace] INFO  o.e.m.c.i.embedder.EclipseLogger - skip non existing resourceDirectory C:\Users\villa\Desktop\MKM_DEVELOPMENT_PROYECTO_1\BIBLIO_MOVIL\src\test\resources
2020-03-29 15:48:43,530 [Worker-5: Updating Maven Project] INFO  o.e.m.c.i.p.ProjectConfigurationManager - Update started
2020-03-29 15:48:44,284 [Worker-5: Updating Maven Project] INFO  o.e.m.c.i.l.LifecycleMappingFactory - Using org.eclipse.m2e.jdt.JarLifecycleMapping lifecycle mapping for MavenProject: BIBLIO_MOVIL:BIBLIO_MOVIL:0.0.1-SNAPSHOT @ C:\Users\villa\Desktop\MKM_DEVELOPMENT_PROYECTO_1\BIBLIO_MOVIL\pom.xml.
2020-03-29 15:48:44,549 [Worker-5: Updating Maven Project] INFO  o.e.m.j.i.AbstractJavaProjectConfigurator - Adding source folder /BIBLIO_MOVIL/src
2020-03-29 15:48:44,560 [Worker-5: Updating Maven Project] INFO  o.e.m.j.i.AbstractJavaProjectConfigurator - Not adding source folder /BIBLIO_MOVIL/src/test/java because it overlaps with /BIBLIO_MOVIL/src
2020-03-29 15:48:44,680 [Worker-5: Updating Maven Project] INFO  o.e.m.c.i.p.ProjectConfigurationManager - Update completed: 1 sec
2020-03-29 15:48:44,950 [Worker-5: Building workspace] WARN  o.e.m.c.i.embedder.EclipseLogger - Using platform encoding (Cp1252 actually) to copy filtered resources, i.e. build is platform dependent!
2020-03-29 15:48:44,961 [Worker-5: Building workspace] INFO  o.e.m.c.i.embedder.EclipseLogger - skip non existing resourceDirectory C:\Users\villa\Desktop\MKM_DEVELOPMENT_PROYECTO_1\BIBLIO_MOVIL\src\main\resources
2020-03-29 15:48:44,967 [Worker-5: Building workspace] WARN  o.e.m.c.i.embedder.EclipseLogger - Using platform encoding (Cp1252 actually) to copy filtered resources, i.e. build is platform dependent!
2020-03-29 15:48:44,982 [Worker-5: Building workspace] INFO  o.e.m.c.i.embedder.EclipseLogger - skip non existing resourceDirectory C:\Users\villa\Desktop\MKM_DEVELOPMENT_PROYECTO_1\BIBLIO_MOVIL\src\test\resources
2020-03-29 15:49:30,775 [Worker-8: Building workspace] INFO  o.e.m.c.i.l.LifecycleMappingFactory - Using NULL lifecycle mapping for MavenProject: BIBLIO_MOVIL:BIBLIO_MOVIL:0.0.1-SNAPSHOT @ C:\Users\villa\Desktop\MKM_DEVELOPMENT_PROYECTO_1\BIBLIO_MOVIL\pom.xml.
2020-03-29 15:49:41,372 [Worker-4: Updating Maven Project] INFO  o.e.m.c.i.p.ProjectConfigurationManager - Update started
2020-03-29 15:49:41,387 [Worker-4: Updating Maven Project] INFO  o.e.m.c.i.l.LifecycleMappingFactory - Using NULL lifecycle mapping for MavenProject: BIBLIO_MOVIL:BIBLIO_MOVIL:0.0.1-SNAPSHOT @ C:\Users\villa\Desktop\MKM_DEVELOPMENT_PROYECTO_1\BIBLIO_MOVIL\pom.xml.
2020-03-29 15:49:41,497 [Worker-4: Updating Maven Project] INFO  o.e.m.c.i.p.ProjectConfigurationManager - Update completed: 0 sec
2020-03-29 15:50:29,683 [Worker-2: Creating project "BIBLIO_MOVIL_VERSION_1.1"] INFO  o.e.m.c.i.l.LifecycleMappingFactory - Using org.eclipse.m2e.jdt.JarLifecycleMapping lifecycle mapping for MavenProject: BIBLIO_MOVIL_VERSION_1.1:BIBLIO_MOVIL_VERSION_1.1:0.0.1-SNAPSHOT @ C:\Users\villa\Desktop\MKM_DEVELOPMENT_PROYECTO_1\BIBLIO_MOVIL\BIBLIO_MOVIL_VERSION_1.1\pom.xml.
2020-03-29 15:50:29,964 [Worker-2: Creating project "BIBLIO_MOVIL_VERSION_1.1"] INFO  o.e.m.j.i.AbstractJavaProjectConfigurator - Adding source folder /BIBLIO_MOVIL_VERSION_1.1/src
2020-03-29 15:50:29,964 [Worker-2: Creating project "BIBLIO_MOVIL_VERSION_1.1"] INFO  o.e.m.j.i.AbstractJavaProjectConfigurator - Resources folder /BIBLIO_MOVIL_VERSION_1.1/src/main/resources overlaps with sources folder /BIBLIO_MOVIL_VERSION_1.1/src
2020-03-29 15:50:29,979 [Worker-2: Creating project "BIBLIO_MOVIL_VERSION_1.1"] INFO  o.e.m.j.i.AbstractJavaProjectConfigurator - Not adding source folder /BIBLIO_MOVIL_VERSION_1.1/src/test/java because it overlaps with /BIBLIO_MOVIL_VERSION_1.1/src
2020-03-29 15:50:29,979 [Worker-2: Creating project "BIBLIO_MOVIL_VERSION_1.1"] INFO  o.e.m.j.i.AbstractJavaProjectConfigurator - Resources folder /BIBLIO_MOVIL_VERSION_1.1/src/test/resources overlaps with sources folder /BIBLIO_MOVIL_VERSION_1.1/src
2020-03-29 15:50:30,367 [Worker-8: Building workspace] WARN  o.e.m.c.i.embedder.EclipseLogger - Using platform encoding (Cp1252 actually) to copy filtered resources, i.e. build is platform dependent!
2020-03-29 15:50:30,386 [Worker-8: Building workspace] INFO  o.e.m.c.i.embedder.EclipseLogger - Copying 0 resource
2020-03-29 15:50:30,389 [Worker-8: Building workspace] WARN  o.e.m.c.i.embedder.EclipseLogger - Using platform encoding (Cp1252 actually) to copy filtered resources, i.e. build is platform dependent!
2020-03-29 15:50:30,399 [Worker-8: Building workspace] INFO  o.e.m.c.i.embedder.EclipseLogger - Copying 0 resource
2020-03-29 15:50:31,445 [Worker-18: Building workspace] INFO  o.e.m.c.i.l.LifecycleMappingFactory - Using NULL lifecycle mapping for MavenProject: BIBLIO_MOVIL:BIBLIO_MOVIL:0.0.1-SNAPSHOT @ C:\Users\villa\Desktop\MKM_DEVELOPMENT_PROYECTO_1\BIBLIO_MOVIL\pom.xml.
2020-03-29 15:50:32,031 [Worker-18: Building workspace] INFO  o.e.m.c.i.l.LifecycleMappingFactory - Using org.eclipse.m2e.jdt.JarLifecycleMapping lifecycle mapping for MavenProject: BIBLIO_MOVIL_VERSION_1.1:BIBLIO_MOVIL_VERSION_1.1:0.0.1-SNAPSHOT @ C:\Users\villa\Desktop\MKM_DEVELOPMENT_PROYECTO_1\BIBLIO_MOVIL\BIBLIO_MOVIL_VERSION_1.1\pom.xml.
2020-03-29 15:50:32,535 [Worker-18: Building workspace] WARN  o.e.m.c.i.embedder.EclipseLogger - Using platform encoding (Cp1252 actually) to copy filtered resources, i.e. build is platform dependent!
2020-03-29 15:50:32,535 [Worker-18: Building workspace] INFO  o.e.m.c.i.embedder.EclipseLogger - Copying 0 resource
2020-03-29 15:50:32,535 [Worker-18: Building workspace] WARN  o.e.m.c.i.embedder.EclipseLogger - Using platform encoding (Cp1252 actually) to copy filtered resources, i.e. build is platform dependent!
2020-03-29 15:50:32,551 [Worker-18: Building workspace] INFO  o.e.m.c.i.embedder.EclipseLogger - Copying 0 resource
2020-03-29 15:50:58,559 [Worker-1: Building workspace] INFO  o.e.m.c.i.l.LifecycleMappingFactory - Using NULL lifecycle mapping for MavenProject: BIBLIO_MOVIL_VERSION_1.1:BIBLIO_MOVIL_VERSION_1.1:0.0.1-SNAPSHOT @ C:\Users\villa\Desktop\MKM_DEVELOPMENT_PROYECTO_1\BIBLIO_MOVIL\BIBLIO_MOVIL_VERSION_1.1\pom.xml.
2020-03-29 15:51:08,023 [Worker-17: Updating Maven Project] INFO  o.e.m.c.i.p.ProjectConfigurationManager - Update started
2020-03-29 15:51:08,045 [Worker-17: Updating Maven Project] INFO  o.e.m.c.i.l.LifecycleMappingFactory - Using NULL lifecycle mapping for MavenProject: BIBLIO_MOVIL:BIBLIO_MOVIL:0.0.1-SNAPSHOT @ C:\Users\villa\Desktop\MKM_DEVELOPMENT_PROYECTO_1\BIBLIO_MOVIL\pom.xml.
2020-03-29 15:51:08,045 [Worker-17: Updating Maven Project] INFO  o.e.m.c.i.l.LifecycleMappingFactory - Using NULL lifecycle mapping for MavenProject: BIBLIO_MOVIL_VERSION_1.1:BIBLIO_MOVIL_VERSION_1.1:0.0.1-SNAPSHOT @ C:\Users\villa\Desktop\MKM_DEVELOPMENT_PROYECTO_1\BIBLIO_MOVIL\BIBLIO_MOVIL_VERSION_1.1\pom.xml.
2020-03-29 15:51:08,145 [Worker-17: Updating Maven Project] INFO  o.e.m.c.i.p.ProjectConfigurationManager - Update completed: 0 sec
2020-03-29 15:53:29,026 [Worker-19: Updating Maven Project] INFO  o.e.m.c.i.p.ProjectConfigurationManager - Update started
2020-03-29 15:53:29,056 [Worker-19: Updating Maven Project] INFO  o.e.m.c.i.l.LifecycleMappingFactory - Using NULL lifecycle mapping for MavenProject: BIBLIO_MOVIL:BIBLIO_MOVIL:0.0.1-SNAPSHOT @ C:\Users\villa\Desktop\MKM_DEVELOPMENT_PROYECTO_1\BIBLIO_MOVIL\pom.xml.
2020-03-29 15:53:29,056 [Worker-19: Updating Maven Project] INFO  o.e.m.c.i.l.LifecycleMappingFactory - Using NULL lifecycle mapping for MavenProject: BIBLIO_MOVIL_VERSION_1.1:BIBLIO_MOVIL_VERSION_1.1:0.0.1-SNAPSHOT @ C:\Users\villa\Desktop\MKM_DEVELOPMENT_PROYECTO_1\BIBLIO_MOVIL\BIBLIO_MOVIL_VERSION_1.1\pom.xml.
2020-03-29 15:53:29,151 [Worker-19: Updating Maven Project] INFO  o.e.m.c.i.p.ProjectConfigurationManager - Update completed: 0 sec
2020-03-29 15:54:23,513 [Worker-12: Updating Maven Project] INFO  o.e.m.c.i.p.ProjectConfigurationManager - Update started
2020-03-29 15:54:23,535 [Worker-12: Updating Maven Project] INFO  o.e.m.c.i.l.LifecycleMappingFactory - Using NULL lifecycle mapping for MavenProject: BIBLIO_MOVIL:BIBLIO_MOVIL:0.0.1-SNAPSHOT @ C:\Users\villa\Desktop\MKM_DEVELOPMENT_PROYECTO_1\BIBLIO_MOVIL\pom.xml.
2020-03-29 15:54:23,535 [Worker-12: Updating Maven Project] INFO  o.e.m.c.i.l.LifecycleMappingFactory - Using NULL lifecycle mapping for MavenProject: BIBLIO_MOVIL_VERSION_1.1:BIBLIO_MOVIL_VERSION_1.1:0.0.1-SNAPSHOT @ C:\Users\villa\Desktop\MKM_DEVELOPMENT_PROYECTO_1\BIBLIO_MOVIL\BIBLIO_MOVIL_VERSION_1.1\pom.xml.
2020-03-29 15:54:23,613 [Worker-12: Updating Maven Project] INFO  o.e.m.c.i.p.ProjectConfigurationManager - Update completed: 0 sec
2020-03-29 15:54:43,781 [Worker-7: Creating project "BIBLIO_MOVIL_VERSION_1.2"] INFO  o.e.m.c.i.l.LifecycleMappingFactory - Using org.eclipse.m2e.jdt.JarLifecycleMapping lifecycle mapping for MavenProject: BIBLIO_MOVIL_VERSION_1.2:BIBLIO_MOVIL_VERSION_1.2:0.0.1-SNAPSHOT @ C:\Users\villa\Desktop\MKM_DEVELOPMENT_PROYECTO_1\BIBLIO_MOVIL\BIBLIO_MOVIL_VERSION_1.2\pom.xml.
2020-03-29 15:54:43,969 [Worker-7: Creating project "BIBLIO_MOVIL_VERSION_1.2"] INFO  o.e.m.j.i.AbstractJavaProjectConfigurator - Adding source folder /BIBLIO_MOVIL_VERSION_1.2/src
2020-03-29 15:54:43,969 [Worker-7: Creating project "BIBLIO_MOVIL_VERSION_1.2"] INFO  o.e.m.j.i.AbstractJavaProjectConfigurator - Resources folder /BIBLIO_MOVIL_VERSION_1.2/src/main/resources overlaps with sources folder /BIBLIO_MOVIL_VERSION_1.2/src
2020-03-29 15:54:43,969 [Worker-7: Creating project "BIBLIO_MOVIL_VERSION_1.2"] INFO  o.e.m.j.i.AbstractJavaProjectConfigurator - Not adding source folder /BIBLIO_MOVIL_VERSION_1.2/src/test/java because it overlaps with /BIBLIO_MOVIL_VERSION_1.2/src
2020-03-29 15:54:43,969 [Worker-7: Creating project "BIBLIO_MOVIL_VERSION_1.2"] INFO  o.e.m.j.i.AbstractJavaProjectConfigurator - Resources folder /BIBLIO_MOVIL_VERSION_1.2/src/test/resources overlaps with sources folder /BIBLIO_MOVIL_VERSION_1.2/src
2020-03-29 15:54:44,265 [Worker-21: Building workspace] INFO  o.e.m.c.i.l.LifecycleMappingFactory - Using NULL lifecycle mapping for MavenProject: BIBLIO_MOVIL:BIBLIO_MOVIL:0.0.1-SNAPSHOT @ C:\Users\villa\Desktop\MKM_DEVELOPMENT_PROYECTO_1\BIBLIO_MOVIL\pom.xml.
2020-03-29 15:54:44,265 [Worker-21: Building workspace] INFO  o.e.m.c.i.l.LifecycleMappingFactory - Using NULL lifecycle mapping for MavenProject: BIBLIO_MOVIL_VERSION_1.1:BIBLIO_MOVIL_VERSION_1.1:0.0.1-SNAPSHOT @ C:\Users\villa\Desktop\MKM_DEVELOPMENT_PROYECTO_1\BIBLIO_MOVIL\BIBLIO_MOVIL_VERSION_1.1\pom.xml.
2020-03-29 15:54:44,634 [Worker-21: Building workspace] INFO  o.e.m.c.i.l.LifecycleMappingFactory - Using org.eclipse.m2e.jdt.JarLifecycleMapping lifecycle mapping for MavenProject: BIBLIO_MOVIL_VERSION_1.2:BIBLIO_MOVIL_VERSION_1.2:0.0.1-SNAPSHOT @ C:\Users\villa\Desktop\MKM_DEVELOPMENT_PROYECTO_1\BIBLIO_MOVIL\BIBLIO_MOVIL_VERSION_1.2\pom.xml.
2020-03-29 15:54:45,009 [Worker-21: Building workspace] WARN  o.e.m.c.i.embedder.EclipseLogger - Using platform encoding (Cp1252 actually) to copy filtered resources, i.e. build is platform dependent!
2020-03-29 15:54:45,009 [Worker-21: Building workspace] INFO  o.e.m.c.i.embedder.EclipseLogger - Copying 0 resource
2020-03-29 15:54:45,009 [Worker-21: Building workspace] WARN  o.e.m.c.i.embedder.EclipseLogger - Using platform encoding (Cp1252 actually) to copy filtered resources, i.e. build is platform dependent!
2020-03-29 15:54:45,025 [Worker-21: Building workspace] INFO  o.e.m.c.i.embedder.EclipseLogger - Copying 0 resource
2020-03-29 15:55:17,104 [Worker-4: Building workspace] INFO  o.e.m.c.i.l.LifecycleMappingFactory - Using NULL lifecycle mapping for MavenProject: BIBLIO_MOVIL_VERSION_1.2:BIBLIO_MOVIL_VERSION_1.2:0.0.1-SNAPSHOT @ C:\Users\villa\Desktop\MKM_DEVELOPMENT_PROYECTO_1\BIBLIO_MOVIL\BIBLIO_MOVIL_VERSION_1.2\pom.xml.
2020-03-29 15:55:47,507 [Worker-12: Updating Maven Project] INFO  o.e.m.c.i.p.ProjectConfigurationManager - Update started
2020-03-29 15:55:47,550 [Worker-12: Updating Maven Project] INFO  o.e.m.c.i.l.LifecycleMappingFactory - Using NULL lifecycle mapping for MavenProject: BIBLIO_MOVIL:BIBLIO_MOVIL:0.0.1-SNAPSHOT @ C:\Users\villa\Desktop\MKM_DEVELOPMENT_PROYECTO_1\BIBLIO_MOVIL\pom.xml.
2020-03-29 15:55:47,550 [Worker-12: Updating Maven Project] INFO  o.e.m.c.i.l.LifecycleMappingFactory - Using NULL lifecycle mapping for MavenProject: BIBLIO_MOVIL_VERSION_1.1:BIBLIO_MOVIL_VERSION_1.1:0.0.1-SNAPSHOT @ C:\Users\villa\Desktop\MKM_DEVELOPMENT_PROYECTO_1\BIBLIO_MOVIL\BIBLIO_MOVIL_VERSION_1.1\pom.xml.
2020-03-29 15:55:47,550 [Worker-12: Updating Maven Project] INFO  o.e.m.c.i.l.LifecycleMappingFactory - Using NULL lifecycle mapping for MavenProject: BIBLIO_MOVIL_VERSION_1.2:BIBLIO_MOVIL_VERSION_1.2:0.0.1-SNAPSHOT @ C:\Users\villa\Desktop\MKM_DEVELOPMENT_PROYECTO_1\BIBLIO_MOVIL\BIBLIO_MOVIL_VERSION_1.2\pom.xml.
2020-03-29 15:55:47,659 [Worker-12: Updating Maven Project] INFO  o.e.m.c.i.p.ProjectConfigurationManager - Update completed: 0 sec
2020-03-29 15:58:08,710 [Worker-13: Updating Maven Project] INFO  o.e.m.c.i.p.ProjectConfigurationManager - Update started
2020-03-29 15:58:08,741 [Worker-13: Updating Maven Project] INFO  o.e.m.c.i.l.LifecycleMappingFactory - Using NULL lifecycle mapping for MavenProject: BIBLIO_MOVIL:BIBLIO_MOVIL:0.0.1-SNAPSHOT @ C:\Users\villa\Desktop\MKM_DEVELOPMENT_PROYECTO_1\BIBLIO_MOVIL\pom.xml.
2020-03-29 15:58:08,756 [Worker-13: Updating Maven Project] INFO  o.e.m.c.i.l.LifecycleMappingFactory - Using NULL lifecycle mapping for MavenProject: BIBLIO_MOVIL_VERSION_1.1:BIBLIO_MOVIL_VERSION_1.1:0.0.1-SNAPSHOT @ C:\Users\villa\Desktop\MKM_DEVELOPMENT_PROYECTO_1\BIBLIO_MOVIL\BIBLIO_MOVIL_VERSION_1.1\pom.xml.
2020-03-29 15:58:08,756 [Worker-13: Updating Maven Project] INFO  o.e.m.c.i.l.LifecycleMappingFactory - Using NULL lifecycle mapping for MavenProject: BIBLIO_MOVIL_VERSION_1.2:BIBLIO_MOVIL_VERSION_1.2:0.0.1-SNAPSHOT @ C:\Users\villa\Desktop\MKM_DEVELOPMENT_PROYECTO_1\BIBLIO_MOVIL\BIBLIO_MOVIL_VERSION_1.2\pom.xml.
2020-03-29 15:58:08,881 [Worker-13: Updating Maven Project] INFO  o.e.m.c.i.p.ProjectConfigurationManager - Update completed: 0 sec
2020-03-29 16:25:03,256 [Worker-1: Loading available Gradle versions] INFO  o.e.b.c.i.u.g.PublishedGradleVersions - Gradle version information cache is up-to-date. Trying to read.
2020-04-12 14:57:15,785 [Worker-7: Loading available Gradle versions] INFO  o.e.b.c.i.u.g.PublishedGradleVersions - Gradle version information cache is up-to-date. Trying to read.
2020-04-12 14:57:23,911 [Worker-2: Building workspace] INFO  o.e.m.c.i.l.LifecycleMappingFactory - Using NULL lifecycle mapping for MavenProject: BIBLIO_MOVIL:BIBLIO_MOVIL:0.0.1-SNAPSHOT @ E:\Proyecto\Proyecto_Entornos\CODIGO\MKM_DEVELOPMENT_PROYECTO_1\BIBLIO_MOVIL\pom.xml.
2020-04-12 14:57:23,926 [Worker-2: Building workspace] INFO  o.e.m.c.i.l.LifecycleMappingFactory - Using NULL lifecycle mapping for MavenProject: BIBLIO_MOVIL_VERSION_1.1:BIBLIO_MOVIL_VERSION_1.1:0.0.1-SNAPSHOT @ C:\Users\villa\Desktop\MKM_DEVELOPMENT_PROYECTO_1\BIBLIO_MOVIL\BIBLIO_MOVIL_VERSION_1.1\pom.xml.
2020-04-12 14:57:23,926 [Worker-2: Building workspace] INFO  o.e.m.c.i.l.LifecycleMappingFactory - Using NULL lifecycle mapping for MavenProject: BIBLIO_MOVIL_VERSION_1.2:BIBLIO_MOVIL_VERSION_1.2:0.0.1-SNAPSHOT @ C:\Users\villa\Desktop\MKM_DEVELOPMENT_PROYECTO_1\BIBLIO_MOVIL\BIBLIO_MOVIL_VERSION_1.2\pom.xml.
2020-04-12 14:57:25,754 [Worker-14: Building workspace] INFO  o.e.m.c.i.l.LifecycleMappingFactory - Using NULL lifecycle mapping for MavenProject: BIBLIO_MOVIL:BIBLIO_MOVIL:0.0.1-SNAPSHOT @ E:\Proyecto\Proyecto_Entornos\CODIGO\MKM_DEVELOPMENT_PROYECTO_1\BIBLIO_MOVIL\pom.xml.
2020-04-12 14:57:25,754 [Worker-14: Building workspace] INFO  o.e.m.c.i.l.LifecycleMappingFactory - Using NULL lifecycle mapping for MavenProject: BIBLIO_MOVIL_VERSION_1.1:BIBLIO_MOVIL_VERSION_1.1:0.0.1-SNAPSHOT @ C:\Users\villa\Desktop\MKM_DEVELOPMENT_PROYECTO_1\BIBLIO_MOVIL\BIBLIO_MOVIL_VERSION_1.1\pom.xml.
2020-04-12 14:57:25,770 [Worker-14: Building workspace] INFO  o.e.m.c.i.l.LifecycleMappingFactory - Using NULL lifecycle mapping for MavenProject: BIBLIO_MOVIL_VERSION_1.2:BIBLIO_MOVIL_VERSION_1.2:0.0.1-SNAPSHOT @ C:\Users\villa\Desktop\MKM_DEVELOPMENT_PROYECTO_1\BIBLIO_MOVIL\BIBLIO_MOVIL_VERSION_1.2\pom.xml.
2020-04-12 15:02:33,906 [Worker-18: Creating project "BIBLIO_MOVIL_VERSION_1.3"] INFO  o.e.m.c.i.l.LifecycleMappingFactory - Using org.eclipse.m2e.jdt.JarLifecycleMapping lifecycle mapping for MavenProject: BIBLIO_MOVIL_VERSION_1.3:BIBLIO_MOVIL_VERSION_1.3:0.0.1-SNAPSHOT @ E:\Proyecto\Proyecto_Entornos\CODIGO\MKM_DEVELOPMENT_PROYECTO_1\BIBLIO_MOVIL\BIBLIO_MOVIL_VERSION_1.3\pom.xml.
2020-04-12 15:02:35,146 [Worker-18: Creating project "BIBLIO_MOVIL_VERSION_1.3"] INFO  o.e.m.j.i.AbstractJavaProjectConfigurator - Adding source folder /BIBLIO_MOVIL_VERSION_1.3/src
2020-04-12 15:02:35,146 [Worker-18: Creating project "BIBLIO_MOVIL_VERSION_1.3"] INFO  o.e.m.j.i.AbstractJavaProjectConfigurator - Resources folder /BIBLIO_MOVIL_VERSION_1.3/src/main/resources overlaps with sources folder /BIBLIO_MOVIL_VERSION_1.3/src
2020-04-12 15:02:35,146 [Worker-18: Creating project "BIBLIO_MOVIL_VERSION_1.3"] INFO  o.e.m.j.i.AbstractJavaProjectConfigurator - Not adding source folder /BIBLIO_MOVIL_VERSION_1.3/src/test/java because it overlaps with /BIBLIO_MOVIL_VERSION_1.3/src
2020-04-12 15:02:35,146 [Worker-18: Creating project "BIBLIO_MOVIL_VERSION_1.3"] INFO  o.e.m.j.i.AbstractJavaProjectConfigurator - Resources folder /BIBLIO_MOVIL_VERSION_1.3/src/test/resources overlaps with sources folder /BIBLIO_MOVIL_VERSION_1.3/src
2020-04-12 15:02:38,702 [Worker-13: Building workspace] INFO  o.e.m.c.i.l.LifecycleMappingFactory - Using NULL lifecycle mapping for MavenProject: BIBLIO_MOVIL:BIBLIO_MOVIL:0.0.1-SNAPSHOT @ E:\Proyecto\Proyecto_Entornos\CODIGO\MKM_DEVELOPMENT_PROYECTO_1\BIBLIO_MOVIL\pom.xml.
2020-04-12 15:02:38,705 [Worker-13: Building workspace] INFO  o.e.m.c.i.l.LifecycleMappingFactory - Using NULL lifecycle mapping for MavenProject: BIBLIO_MOVIL_VERSION_1.1:BIBLIO_MOVIL_VERSION_1.1:0.0.1-SNAPSHOT @ C:\Users\villa\Desktop\MKM_DEVELOPMENT_PROYECTO_1\BIBLIO_MOVIL\BIBLIO_MOVIL_VERSION_1.1\pom.xml.
2020-04-12 15:02:38,708 [Worker-13: Building workspace] INFO  o.e.m.c.i.l.LifecycleMappingFactory - Using NULL lifecycle mapping for MavenProject: BIBLIO_MOVIL_VERSION_1.2:BIBLIO_MOVIL_VERSION_1.2:0.0.1-SNAPSHOT @ C:\Users\villa\Desktop\MKM_DEVELOPMENT_PROYECTO_1\BIBLIO_MOVIL\BIBLIO_MOVIL_VERSION_1.2\pom.xml.
2020-04-12 15:02:39,185 [Worker-13: Building workspace] INFO  o.e.m.c.i.l.LifecycleMappingFactory - Using org.eclipse.m2e.jdt.JarLifecycleMapping lifecycle mapping for MavenProject: BIBLIO_MOVIL_VERSION_1.3:BIBLIO_MOVIL_VERSION_1.3:0.0.1-SNAPSHOT @ E:\Proyecto\Proyecto_Entornos\CODIGO\MKM_DEVELOPMENT_PROYECTO_1\BIBLIO_MOVIL\BIBLIO_MOVIL_VERSION_1.3\pom.xml.
2020-04-12 15:02:42,988 [Worker-12: Building workspace] WARN  o.e.m.c.i.embedder.EclipseLogger - Using platform encoding (Cp1252 actually) to copy filtered resources, i.e. build is platform dependent!
2020-04-12 15:02:42,988 [Worker-12: Building workspace] INFO  o.e.m.c.i.embedder.EclipseLogger - Copying 0 resource
2020-04-12 15:02:43,004 [Worker-12: Building workspace] WARN  o.e.m.c.i.embedder.EclipseLogger - Using platform encoding (Cp1252 actually) to copy filtered resources, i.e. build is platform dependent!
2020-04-12 15:02:43,004 [Worker-12: Building workspace] INFO  o.e.m.c.i.embedder.EclipseLogger - Copying 0 resource
2020-04-12 15:02:48,671 [Worker-2: Building workspace] INFO  o.e.m.c.i.l.LifecycleMappingFactory - Using org.eclipse.m2e.jdt.JarLifecycleMapping lifecycle mapping for MavenProject: BIBLIO_MOVIL_VERSION_1.3:BIBLIO_MOVIL_VERSION_1.3:0.0.1-SNAPSHOT @ E:\Proyecto\Proyecto_Entornos\CODIGO\MKM_DEVELOPMENT_PROYECTO_1\BIBLIO_MOVIL\BIBLIO_MOVIL_VERSION_1.3\pom.xml.
2020-04-12 15:02:50,285 [Worker-2: Building workspace] WARN  o.e.m.c.i.embedder.EclipseLogger - Using platform encoding (Cp1252 actually) to copy filtered resources, i.e. build is platform dependent!
2020-04-12 15:02:50,676 [Worker-2: Building workspace] INFO  o.e.m.c.i.embedder.EclipseLogger - Copying 0 resource
2020-04-12 15:02:50,676 [Worker-2: Building workspace] WARN  o.e.m.c.i.embedder.EclipseLogger - Using platform encoding (Cp1252 actually) to copy filtered resources, i.e. build is platform dependent!
2020-04-12 15:02:50,692 [Worker-2: Building workspace] INFO  o.e.m.c.i.embedder.EclipseLogger - Copying 0 resource
2020-04-12 15:03:11,132 [Worker-1: Building workspace] INFO  o.e.m.c.i.l.LifecycleMappingFactory - Using NULL lifecycle mapping for MavenProject: BIBLIO_MOVIL_VERSION_1.3:BIBLIO_MOVIL_VERSION_1.3:0.0.1-SNAPSHOT @ E:\Proyecto\Proyecto_Entornos\CODIGO\MKM_DEVELOPMENT_PROYECTO_1\BIBLIO_MOVIL\BIBLIO_MOVIL_VERSION_1.3\pom.xml.
2020-04-12 15:03:15,639 [Worker-0: Building workspace] INFO  o.e.m.c.i.l.LifecycleMappingFactory - Using NULL lifecycle mapping for MavenProject: BIBLIO_MOVIL_VERSION_1.3:BIBLIO_MOVIL_VERSION_1.3:0.0.1-SNAPSHOT @ E:\Proyecto\Proyecto_Entornos\CODIGO\MKM_DEVELOPMENT_PROYECTO_1\BIBLIO_MOVIL\BIBLIO_MOVIL_VERSION_1.3\pom.xml.
2020-04-12 15:03:34,942 [Worker-5: Updating Maven Project] INFO  o.e.m.c.i.p.ProjectConfigurationManager - Update started
2020-04-12 15:03:35,114 [Worker-5: Updating Maven Project] INFO  o.e.m.c.i.l.LifecycleMappingFactory - Using NULL lifecycle mapping for MavenProject: BIBLIO_MOVIL:BIBLIO_MOVIL:0.0.1-SNAPSHOT @ E:\Proyecto\Proyecto_Entornos\CODIGO\MKM_DEVELOPMENT_PROYECTO_1\BIBLIO_MOVIL\pom.xml.
2020-04-12 15:03:35,114 [Worker-5: Updating Maven Project] INFO  o.e.m.c.i.l.LifecycleMappingFactory - Using NULL lifecycle mapping for MavenProject: BIBLIO_MOVIL_VERSION_1.3:BIBLIO_MOVIL_VERSION_1.3:0.0.1-SNAPSHOT @ E:\Proyecto\Proyecto_Entornos\CODIGO\MKM_DEVELOPMENT_PROYECTO_1\BIBLIO_MOVIL\BIBLIO_MOVIL_VERSION_1.3\pom.xml.
2020-04-12 15:03:35,114 [Worker-5: Updating Maven Project] INFO  o.e.m.c.i.l.LifecycleMappingFactory - Using NULL lifecycle mapping for MavenProject: BIBLIO_MOVIL_VERSION_1.1:BIBLIO_MOVIL_VERSION_1.1:0.0.1-SNAPSHOT @ C:\Users\villa\Desktop\MKM_DEVELOPMENT_PROYECTO_1\BIBLIO_MOVIL\BIBLIO_MOVIL_VERSION_1.1\pom.xml.
2020-04-12 15:03:35,114 [Worker-5: Updating Maven Project] INFO  o.e.m.c.i.l.LifecycleMappingFactory - Using NULL lifecycle mapping for MavenProject: BIBLIO_MOVIL_VERSION_1.2:BIBLIO_MOVIL_VERSION_1.2:0.0.1-SNAPSHOT @ C:\Users\villa\Desktop\MKM_DEVELOPMENT_PROYECTO_1\BIBLIO_MOVIL\BIBLIO_MOVIL_VERSION_1.2\pom.xml.
2020-04-12 15:03:35,676 [Worker-5: Updating Maven Project] INFO  o.e.m.c.i.p.ProjectConfigurationManager - Update completed: 0 sec
2020-04-12 15:07:42,410 [Worker-22: Updating Maven Project] INFO  o.e.m.c.i.p.ProjectConfigurationManager - Update started
2020-04-12 15:07:42,504 [Worker-22: Updating Maven Project] INFO  o.e.m.c.i.l.LifecycleMappingFactory - Using NULL lifecycle mapping for MavenProject: BIBLIO_MOVIL:BIBLIO_MOVIL:0.0.1-SNAPSHOT @ E:\Proyecto\Proyecto_Entornos\CODIGO\MKM_DEVELOPMENT_PROYECTO_1\BIBLIO_MOVIL\pom.xml.
2020-04-12 15:07:42,520 [Worker-22: Updating Maven Project] INFO  o.e.m.c.i.l.LifecycleMappingFactory - Using NULL lifecycle mapping for MavenProject: BIBLIO_MOVIL_VERSION_1.3:BIBLIO_MOVIL_VERSION_1.3:0.0.1-SNAPSHOT @ E:\Proyecto\Proyecto_Entornos\CODIGO\MKM_DEVELOPMENT_PROYECTO_1\BIBLIO_MOVIL\BIBLIO_MOVIL_VERSION_1.3\pom.xml.
2020-04-12 15:07:42,520 [Worker-22: Updating Maven Project] INFO  o.e.m.c.i.l.LifecycleMappingFactory - Using NULL lifecycle mapping for MavenProject: BIBLIO_MOVIL_VERSION_1.1:BIBLIO_MOVIL_VERSION_1.1:0.0.1-SNAPSHOT @ C:\Users\villa\Desktop\MKM_DEVELOPMENT_PROYECTO_1\BIBLIO_MOVIL\BIBLIO_MOVIL_VERSION_1.1\pom.xml.
2020-04-12 15:07:42,520 [Worker-22: Updating Maven Project] INFO  o.e.m.c.i.l.LifecycleMappingFactory - Using NULL lifecycle mapping for MavenProject: BIBLIO_MOVIL_VERSION_1.2:BIBLIO_MOVIL_VERSION_1.2:0.0.1-SNAPSHOT @ C:\Users\villa\Desktop\MKM_DEVELOPMENT_PROYECTO_1\BIBLIO_MOVIL\BIBLIO_MOVIL_VERSION_1.2\pom.xml.
2020-04-12 15:07:44,535 [Worker-22: Updating Maven Project] INFO  o.e.m.c.i.p.ProjectConfigurationManager - Update completed: 2 sec
2020-04-12 15:11:02,660 [Worker-22: Updating Maven Project] INFO  o.e.m.c.i.p.ProjectConfigurationManager - Update started
2020-04-12 15:11:02,692 [Worker-22: Updating Maven Project] INFO  o.e.m.c.i.l.LifecycleMappingFactory - Using NULL lifecycle mapping for MavenProject: BIBLIO_MOVIL:BIBLIO_MOVIL:0.0.1-SNAPSHOT @ E:\Proyecto\Proyecto_Entornos\CODIGO\MKM_DEVELOPMENT_PROYECTO_1\BIBLIO_MOVIL\pom.xml.
2020-04-12 15:11:02,692 [Worker-22: Updating Maven Project] INFO  o.e.m.c.i.l.LifecycleMappingFactory - Using NULL lifecycle mapping for MavenProject: BIBLIO_MOVIL_VERSION_1.1:BIBLIO_MOVIL_VERSION_1.1:0.0.1-SNAPSHOT @ C:\Users\villa\Desktop\MKM_DEVELOPMENT_PROYECTO_1\BIBLIO_MOVIL\BIBLIO_MOVIL_VERSION_1.1\pom.xml.
2020-04-12 15:11:02,692 [Worker-22: Updating Maven Project] INFO  o.e.m.c.i.l.LifecycleMappingFactory - Using NULL lifecycle mapping for MavenProject: BIBLIO_MOVIL_VERSION_1.2:BIBLIO_MOVIL_VERSION_1.2:0.0.1-SNAPSHOT @ C:\Users\villa\Desktop\MKM_DEVELOPMENT_PROYECTO_1\BIBLIO_MOVIL\BIBLIO_MOVIL_VERSION_1.2\pom.xml.
2020-04-12 15:11:03,614 [Worker-22: Updating Maven Project] INFO  o.e.m.c.i.p.ProjectConfigurationManager - Update completed: 0 sec
2020-04-12 15:12:33,129 [Worker-22: Creating project "BIBLIO_MOVIL_VERSION_1.3"] INFO  o.e.m.c.i.l.LifecycleMappingFactory - Using org.eclipse.m2e.jdt.JarLifecycleMapping lifecycle mapping for MavenProject: BIBLIO_MOVIL_VERSION_1.3:BIBLIO_MOVIL_VERSION_1.3:0.0.1-SNAPSHOT @ E:\Proyecto\Proyecto_Entornos\CODIGO\MKM_DEVELOPMENT_PROYECTO_1\BIBLIO_MOVIL\BIBLIO_MOVIL_VERSION_1.3\pom.xml.
2020-04-12 15:12:33,738 [Worker-22: Creating project "BIBLIO_MOVIL_VERSION_1.3"] INFO  o.e.m.j.i.AbstractJavaProjectConfigurator - Adding source folder /BIBLIO_MOVIL_VERSION_1.3/src
2020-04-12 15:12:33,738 [Worker-22: Creating project "BIBLIO_MOVIL_VERSION_1.3"] INFO  o.e.m.j.i.AbstractJavaProjectConfigurator - Resources folder /BIBLIO_MOVIL_VERSION_1.3/src/main/resources overlaps with sources folder /BIBLIO_MOVIL_VERSION_1.3/src
2020-04-12 15:12:33,738 [Worker-22: Creating project "BIBLIO_MOVIL_VERSION_1.3"] INFO  o.e.m.j.i.AbstractJavaProjectConfigurator - Not adding source folder /BIBLIO_MOVIL_VERSION_1.3/src/test/java because it overlaps with /BIBLIO_MOVIL_VERSION_1.3/src
2020-04-12 15:12:33,738 [Worker-22: Creating project "BIBLIO_MOVIL_VERSION_1.3"] INFO  o.e.m.j.i.AbstractJavaProjectConfigurator - Resources folder /BIBLIO_MOVIL_VERSION_1.3/src/test/resources overlaps with sources folder /BIBLIO_MOVIL_VERSION_1.3/src
2020-04-12 15:12:34,851 [Worker-24: Building workspace] WARN  o.e.m.c.i.embedder.EclipseLogger - Using platform encoding (Cp1252 actually) to copy filtered resources, i.e. build is platform dependent!
2020-04-12 15:12:35,226 [Worker-24: Building workspace] INFO  o.e.m.c.i.embedder.EclipseLogger - Copying 0 resource
2020-04-12 15:12:35,226 [Worker-24: Building workspace] WARN  o.e.m.c.i.embedder.EclipseLogger - Using platform encoding (Cp1252 actually) to copy filtered resources, i.e. build is platform dependent!
2020-04-12 15:12:35,834 [Worker-24: Building workspace] INFO  o.e.m.c.i.embedder.EclipseLogger - Copying 0 resource
2020-04-12 15:12:48,817 [Worker-22: Building workspace] INFO  o.e.m.c.i.l.LifecycleMappingFactory - Using NULL lifecycle mapping for MavenProject: BIBLIO_MOVIL_VERSION_1.3:BIBLIO_MOVIL_VERSION_1.3:0.0.1-SNAPSHOT @ E:\Proyecto\Proyecto_Entornos\CODIGO\MKM_DEVELOPMENT_PROYECTO_1\BIBLIO_MOVIL\BIBLIO_MOVIL_VERSION_1.3\pom.xml.
2020-04-12 15:13:16,239 [Worker-26: Updating Maven Project] INFO  o.e.m.c.i.p.ProjectConfigurationManager - Update started
2020-04-12 15:13:16,317 [Worker-26: Updating Maven Project] INFO  o.e.m.c.i.l.LifecycleMappingFactory - Using NULL lifecycle mapping for MavenProject: BIBLIO_MOVIL:BIBLIO_MOVIL:0.0.1-SNAPSHOT @ E:\Proyecto\Proyecto_Entornos\CODIGO\MKM_DEVELOPMENT_PROYECTO_1\BIBLIO_MOVIL\pom.xml.
2020-04-12 15:13:16,317 [Worker-26: Updating Maven Project] INFO  o.e.m.c.i.l.LifecycleMappingFactory - Using NULL lifecycle mapping for MavenProject: BIBLIO_MOVIL_VERSION_1.3:BIBLIO_MOVIL_VERSION_1.3:0.0.1-SNAPSHOT @ E:\Proyecto\Proyecto_Entornos\CODIGO\MKM_DEVELOPMENT_PROYECTO_1\BIBLIO_MOVIL\BIBLIO_MOVIL_VERSION_1.3\pom.xml.
2020-04-12 15:13:16,317 [Worker-26: Updating Maven Project] INFO  o.e.m.c.i.l.LifecycleMappingFactory - Using NULL lifecycle mapping for MavenProject: BIBLIO_MOVIL_VERSION_1.1:BIBLIO_MOVIL_VERSION_1.1:0.0.1-SNAPSHOT @ C:\Users\villa\Desktop\MKM_DEVELOPMENT_PROYECTO_1\BIBLIO_MOVIL\BIBLIO_MOVIL_VERSION_1.1\pom.xml.
2020-04-12 15:13:16,317 [Worker-26: Updating Maven Project] INFO  o.e.m.c.i.l.LifecycleMappingFactory - Using NULL lifecycle mapping for MavenProject: BIBLIO_MOVIL_VERSION_1.2:BIBLIO_MOVIL_VERSION_1.2:0.0.1-SNAPSHOT @ C:\Users\villa\Desktop\MKM_DEVELOPMENT_PROYECTO_1\BIBLIO_MOVIL\BIBLIO_MOVIL_VERSION_1.2\pom.xml.
2020-04-12 15:13:16,864 [Worker-26: Updating Maven Project] INFO  o.e.m.c.i.p.ProjectConfigurationManager - Update completed: 0 sec
2020-04-12 15:34:20,017 [Worker-4: Loading available Gradle versions] INFO  o.e.b.c.i.u.g.PublishedGradleVersions - Gradle version information cache is up-to-date. Trying to read.
2020-04-26 01:31:55,138 [Worker-3: Loading available Gradle versions] INFO  o.e.b.c.i.u.g.PublishedGradleVersions - Gradle version information cache is up-to-date. Trying to read.
2020-04-26 01:38:41,494 [Worker-0: Loading available Gradle versions] INFO  o.e.b.c.i.u.g.PublishedGradleVersions - Gradle version information cache is up-to-date. Trying to read.
2020-04-26 09:09:03,689 [Worker-4: Loading available Gradle versions] INFO  o.e.b.c.i.u.g.PublishedGradleVersions - Gradle version information cache is up-to-date. Trying to read.
2020-04-26 09:16:48,330 [Worker-1: Loading available Gradle versions] INFO  o.e.b.c.i.u.g.PublishedGradleVersions - Gradle version information cache is up-to-date. Trying to read.
